<?xml version="1.0" encoding="UTF-8"?>
<!-- Generated by org.testng.reporters.JUnitReportReporter -->
<testsuite skipped="0" hostname="Hala-samir" name="ToDo_Android" tests="1" failures="0" timestamp="2021-07-25T08:40:31 EET" time="31.086" errors="0">
  <testcase name="test_add_task" time="31.086" classname="ToDo_Android"/>
  <system-out/>
</testsuite> <!-- ToDo_Android -->
